[02:41:12] [ServerMain/INFO]: [bootstrap] Running Java 21 (OpenJDK 64-Bit Server VM 21.0.7+6-Ubuntu-0ubuntu124.04; Ubuntu null) on Linux 6.8.0-1027-azure (amd64)
[02:41:12] [ServerMain/INFO]: [bootstrap] Loading Paper 1.21-130-master@b1b5d4c (2024-08-10T10:02:42Z) for Minecraft 1.21
[02:41:12] [ServerMain/INFO]: [PluginInitializerManager] Initializing plugins...
[02:41:12] [ServerMain/INFO]: [PluginInitializerManager] Initialized 0 plugins
[02:41:13] [Paper Plugin Remapper Thread - 0/INFO]: [ReobfServer] Remapping server...
[02:41:19] [ServerMain/INFO]: Environment: Environment[sessionHost=https://sessionserver.mojang.com, servicesHost=https://api.minecraftservices.com, name=PROD]
[02:41:19] [ServerMain/INFO]: Found new data pack file/bukkit, loading it automatically
[02:41:19] [ServerMain/INFO]: Found new data pack paper, loading it automatically
[02:41:20] [ServerMain/INFO]: No existing world data, creating new world
[02:41:22] [ServerMain/INFO]: Loaded 1290 recipes
[02:41:22] [ServerMain/INFO]: Loaded 1399 advancements
[02:41:22] [Paper Plugin Remapper Thread - 0/INFO]: [ReobfServer] Done remapping server in 8924ms.
[02:41:22] [Server thread/INFO]: Starting minecraft server version 1.21
[02:41:22] [Server thread/INFO]: Loading properties
[02:41:22] [Server thread/INFO]: This server is running Paper version 1.21-130-master@b1b5d4c (2024-08-10T10:02:42Z) (Implementing API version 1.21-R0.1-SNAPSHOT)
[02:41:23] [Server thread/INFO]: [spark] This server bundles the spark profiler. For more information please visit https://docs.papermc.io/paper/profiling
[02:41:23] [Server thread/INFO]: Server Ping Player Sample Count: 12
[02:41:23] [Server thread/INFO]: Using 4 threads for Netty based IO
[02:41:24] [Server thread/INFO]: [ChunkTaskScheduler] Chunk system is using 1 I/O threads, 1 worker threads, and population gen parallelism of 1 threads
[02:41:24] [Server thread/INFO]: Default game type: SURVIVAL
[02:41:24] [Server thread/INFO]: Generating keypair
[02:41:24] [Server thread/INFO]: Starting Minecraft server on *:25565
[02:41:24] [Server thread/INFO]: Using epoll channel type
[02:41:24] [Server thread/INFO]: Paper: Using libdeflate (Linux x86_64) compression from Velocity.
[02:41:24] [Server thread/INFO]: Paper: Using OpenSSL 3.0.x (Linux x86_64) cipher from Velocity.
[02:41:24] [Server thread/WARN]: **** SERVER IS RUNNING IN OFFLINE/INSECURE MODE!
[02:41:24] [Server thread/WARN]: The server will make no attempt to authenticate usernames. Beware.
[02:41:24] [Server thread/WARN]: While this makes the game possible to play without internet access, it also opens up the ability for hackers to connect with any username they choose.
[02:41:24] [Server thread/WARN]: To change this, set "online-mode" to "true" in the server.properties file.
[02:41:24] [Server thread/INFO]: Preparing level "world"
[02:41:35] [Server thread/INFO]: Preparing start region for dimension minecraft:overworld
[02:41:41] [Server thread/INFO]: Time elapsed: 5740 ms
[02:41:41] [Server thread/INFO]: Preparing start region for dimension minecraft:the_nether
[02:41:42] [Server thread/INFO]: Time elapsed: 1764 ms
[02:41:42] [Server thread/INFO]: Preparing start region for dimension minecraft:the_end
[02:41:43] [Server thread/INFO]: Time elapsed: 516 ms
[02:41:43] [Server thread/INFO]: [spark] Starting background profiler...
[02:41:43] [Server thread/INFO]: Done preparing level "world" (18.899s)
[02:41:43] [Server thread/INFO]: Running delayed init tasks
[02:41:43] [Server thread/INFO]: Done (32.008s)! For help, type "help"
[02:41:43] [Server thread/INFO]: *************************************************************************************
[02:41:43] [Server thread/INFO]: This is the first time you're starting this server.
[02:41:43] [Server thread/INFO]: It's recommended you read our 'Getting Started' documentation for guidance.
[02:41:43] [Server thread/INFO]: View this and more helpful information here: https://docs.papermc.io/paper/next-steps
[02:41:43] [Server thread/INFO]: *************************************************************************************
[02:41:43] [Server thread/INFO]: Timings Reset
[02:41:44] [Server thread/INFO]: Unknown or incomplete command, see below for error
/home/codespace/.python/current/bin/python3 /workspaces/Minecraft-Server-1/msx.py<--[HERE]
[02:49:21] [Server thread/INFO]: Stopping server
[02:49:21] [Server thread/INFO]: Saving players
[02:49:22] [Server thread/INFO]: Saving worlds
[02:49:22] [Server thread/INFO]: Saving chunks for level 'ServerLevel[world]'/minecraft:overworld
[02:49:22] [Server thread/INFO]: [ChunkHolderManager] Waiting 60s for chunk system to halt for world 'world'
[02:49:22] [Server thread/INFO]: [ChunkHolderManager] Halted chunk system for world 'world'
[02:49:22] [Server thread/INFO]: [ChunkHolderManager] Saving all chunkholders for world 'world'
[02:49:22] [Server thread/INFO]: [ChunkHolderManager] Saved 797 block chunks, 4 entity chunks, 0 poi chunks in world 'world' in 0.58s
[02:49:22] [Server thread/INFO]: Saving chunks for level 'ServerLevel[world_nether]'/minecraft:the_nether
[02:49:22] [Server thread/INFO]: [ChunkHolderManager] Waiting 60s for chunk system to halt for world 'world_nether'
[02:49:22] [Server thread/INFO]: [ChunkHolderManager] Halted chunk system for world 'world_nether'
[02:49:22] [Server thread/INFO]: [ChunkHolderManager] Saving all chunkholders for world 'world_nether'
[02:49:23] [Server thread/INFO]: [ChunkHolderManager] Saved 792 block chunks, 2 entity chunks, 0 poi chunks in world 'world_nether' in 0.38s
[02:49:23] [Server thread/INFO]: Saving chunks for level 'ServerLevel[world_the_end]'/minecraft:the_end
[02:49:23] [Server thread/INFO]: [ChunkHolderManager] Waiting 60s for chunk system to halt for world 'world_the_end'
[02:49:23] [Server thread/INFO]: [ChunkHolderManager] Halted chunk system for world 'world_the_end'
[02:49:23] [Server thread/INFO]: [ChunkHolderManager] Saving all chunkholders for world 'world_the_end'
[02:49:23] [Server thread/INFO]: [ChunkHolderManager] Saved 792 block chunks, 10 entity chunks, 0 poi chunks in world 'world_the_end' in 0.32s
[02:49:23] [Server thread/INFO]: ThreadedAnvilChunkStorage (world): All chunks are saved
[02:49:23] [Server thread/INFO]: ThreadedAnvilChunkStorage (DIM-1): All chunks are saved
[02:49:23] [Server thread/INFO]: ThreadedAnvilChunkStorage (DIM1): All chunks are saved
[02:49:23] [Server thread/INFO]: ThreadedAnvilChunkStorage: All dimensions are saved
